Jun 27, 2016 3:15:33 PM LoggerExample recalculate
FINER: ENTRY
Jun 27, 2016 3:15:33 PM myPackage.LoggerExample recalculate
INFO: fundAmount = 11000.0
Jun 27, 2016 3:15:33 PM LoggerExample recalculate
FINER: RETURN
Jun 27, 2016 3:15:33 PM LoggerExample recalculate
FINER: ENTRY
Jun 27, 2016 3:15:33 PM myPackage.LoggerExample recalculate
INFO: fundAmount = 11000.0
Jun 27, 2016 3:15:33 PM LoggerExample recalculate
FINER: RETURN
Jun 27, 2016 3:15:33 PM LoggerExample recalculate
FINER: ENTRY
Jun 27, 2016 3:15:33 PM myPackage.LoggerExample recalculate
INFO: fundAmount = 11000.0
Jun 27, 2016 3:15:33 PM LoggerExample recalculate
FINER: RETURN
Jun 27, 2016 3:15:33 PM LoggerExample recalculate
FINER: ENTRY
Jun 27, 2016 3:15:33 PM myPackage.LoggerExample recalculate
INFO: fundAmount = 11000.0
Jun 27, 2016 3:15:33 PM LoggerExample recalculate
FINER: RETURN
Jun 27, 2016 3:15:33 PM LoggerExample recalculate
FINER: ENTRY
Jun 27, 2016 3:15:33 PM myPackage.LoggerExample recalculate
INFO: fundAmount = 11000.0
Jun 27, 2016 3:15:33 PM LoggerExample recalculate
FINER: RETURN
Jun 27, 2016 3:15:33 PM LoggerExample recalculate
FINER: ENTRY
Jun 27, 2016 3:15:33 PM myPackage.LoggerExample recalculate
INFO: fundAmount = 11000.0
Jun 27, 2016 3:15:33 PM LoggerExample recalculate
FINER: RETURN
Jun 27, 2016 3:15:33 PM LoggerExample recalculate
FINER: ENTRY
Jun 27, 2016 3:15:33 PM myPackage.LoggerExample recalculate
INFO: fundAmount = 11000.0
Jun 27, 2016 3:15:33 PM LoggerExample recalculate
FINER: RETURN
Jun 27, 2016 3:15:33 PM LoggerExample recalculate
FINER: ENTRY
Jun 27, 2016 3:15:33 PM myPackage.LoggerExample recalculate
INFO: fundAmount = 11000.0
Jun 27, 2016 3:15:33 PM LoggerExample recalculate
FINER: RETURN
Jun 27, 2016 3:15:33 PM LoggerExample recalculate
FINER: ENTRY
Jun 27, 2016 3:15:33 PM myPackage.LoggerExample recalculate
INFO: fundAmount = 11000.0
Jun 27, 2016 3:15:33 PM LoggerExample recalculate
FINER: RETURN
Jun 27, 2016 3:15:33 PM LoggerExample recalculate
FINER: ENTRY
Jun 27, 2016 3:15:33 PM myPackage.LoggerExample recalculate
INFO: fundAmount = 11000.0
Jun 27, 2016 3:15:33 PM LoggerExample recalculate
FINER: RETURN
Jun 27, 2016 3:15:33 PM LoggerExample recalculate
FINER: ENTRY
Jun 27, 2016 3:15:33 PM myPackage.LoggerExample recalculate
INFO: fundAmount = 11000.0
Jun 27, 2016 3:15:33 PM LoggerExample recalculate
FINER: RETURN
Jun 27, 2016 3:15:33 PM LoggerExample recalculate
FINER: ENTRY
Jun 27, 2016 3:15:33 PM myPackage.LoggerExample recalculate
INFO: fundAmount = 11000.0
Jun 27, 2016 3:15:33 PM LoggerExample recalculate
FINER: RETURN
Jun 27, 2016 3:15:33 PM LoggerExample recalculate
FINER: ENTRY
Jun 27, 2016 3:15:33 PM myPackage.LoggerExample recalculate
INFO: fundAmount = 11000.0
Jun 27, 2016 3:15:33 PM LoggerExample recalculate
FINER: RETURN
Jun 27, 2016 3:15:33 PM LoggerExample recalculate
FINER: ENTRY
Jun 27, 2016 3:15:33 PM myPackage.LoggerExample recalculate
INFO: fundAmount = 11000.0
Jun 27, 2016 3:15:33 PM LoggerExample recalculate
FINER: RETURN
Jun 27, 2016 3:15:33 PM LoggerExample recalculate
FINER: ENTRY
Jun 27, 2016 3:15:33 PM myPackage.LoggerExample recalculate
INFO: fundAmount = 11000.0
Jun 27, 2016 3:15:33 PM LoggerExample recalculate
FINER: RETURN
Jun 27, 2016 3:15:33 PM LoggerExample recalculate
FINER: ENTRY
Jun 27, 2016 3:15:33 PM myPackage.LoggerExample recalculate
INFO: fundAmount = 11000.0
Jun 27, 2016 3:15:33 PM LoggerExample recalculate
FINER: RETURN
Jun 27, 2016 3:15:33 PM LoggerExample recalculate
FINER: ENTRY
Jun 27, 2016 3:15:33 PM myPackage.LoggerExample recalculate
INFO: fundAmount = 11000.0
Jun 27, 2016 3:15:33 PM LoggerExample recalculate
FINER: RETURN
Jun 27, 2016 3:15:33 PM LoggerExample recalculate
FINER: ENTRY
Jun 27, 2016 3:15:33 PM myPackage.LoggerExample recalculate
INFO: fundAmount = 11000.0
Jun 27, 2016 3:15:33 PM LoggerExample recalculate
FINER: RETURN
Jun 27, 2016 3:15:33 PM LoggerExample recalculate
FINER: ENTRY
Jun 27, 2016 3:15:33 PM myPackage.LoggerExample recalculate
INFO: fundAmount = 11000.0
Jun 27, 2016 3:15:33 PM LoggerExample recalculate
FINER: RETURN
Jun 27, 2016 3:15:33 PM LoggerExample recalculate
FINER: ENTRY
Jun 27, 2016 3:15:33 PM myPackage.LoggerExample recalculate
INFO: fundAmount = 11000.0
Jun 27, 2016 3:15:33 PM LoggerExample recalculate
FINER: RETURN
Jun 27, 2016 3:15:33 PM LoggerExample recalculate
FINER: ENTRY
Jun 27, 2016 3:15:33 PM myPackage.LoggerExample recalculate
INFO: fundAmount = 11000.0
Jun 27, 2016 3:15:33 PM LoggerExample recalculate
FINER: RETURN
Jun 27, 2016 3:15:33 PM LoggerExample recalculate
FINER: ENTRY
Jun 27, 2016 3:15:33 PM myPackage.LoggerExample recalculate
INFO: fundAmount = 11000.0
Jun 27, 2016 3:15:33 PM LoggerExample recalculate
FINER: RETURN
Jun 27, 2016 3:15:33 PM LoggerExample recalculate
FINER: ENTRY
Jun 27, 2016 3:15:33 PM myPackage.LoggerExample recalculate
INFO: fundAmount = 11000.0
Jun 27, 2016 3:15:33 PM LoggerExample recalculate
FINER: RETURN
Jun 27, 2016 3:15:33 PM LoggerExample recalculate
FINER: ENTRY
Jun 27, 2016 3:15:33 PM myPackage.LoggerExample recalculate
INFO: fundAmount = 11000.0
Jun 27, 2016 3:15:33 PM LoggerExample recalculate
FINER: RETURN
Jun 27, 2016 3:15:33 PM LoggerExample recalculate
FINER: ENTRY
Jun 27, 2016 3:15:33 PM myPackage.LoggerExample recalculate
INFO: fundAmount = 11000.0
Jun 27, 2016 3:15:33 PM LoggerExample recalculate
FINER: RETURN
Jun 27, 2016 3:15:33 PM LoggerExample recalculate
FINER: ENTRY
Jun 27, 2016 3:15:33 PM myPackage.LoggerExample recalculate
INFO: fundAmount = 11000.0
Jun 27, 2016 3:15:33 PM LoggerExample recalculate
FINER: RETURN
Jun 27, 2016 3:15:33 PM LoggerExample recalculate
FINER: ENTRY
Jun 27, 2016 3:15:33 PM myPackage.LoggerExample recalculate
INFO: fundAmount = 11000.0
Jun 27, 2016 3:15:33 PM LoggerExample recalculate
FINER: RETURN
Jun 27, 2016 3:15:33 PM LoggerExample recalculate
FINER: ENTRY
Jun 27, 2016 3:15:33 PM myPackage.LoggerExample recalculate
INFO: fundAmount = 11000.0
Jun 27, 2016 3:15:33 PM LoggerExample recalculate
FINER: RETURN
Jun 27, 2016 3:15:33 PM LoggerExample recalculate
FINER: ENTRY
Jun 27, 2016 3:15:33 PM myPackage.LoggerExample recalculate
INFO: fundAmount = 11000.0
Jun 27, 2016 3:15:33 PM LoggerExample recalculate
FINER: RETURN
Jun 27, 2016 3:15:33 PM LoggerExample recalculate
FINER: ENTRY
Jun 27, 2016 3:15:33 PM myPackage.LoggerExample recalculate
INFO: fundAmount = 11000.0
Jun 27, 2016 3:15:33 PM LoggerExample recalculate
FINER: RETURN
Jun 27, 2016 3:15:33 PM LoggerExample recalculate
FINER: ENTRY
Jun 27, 2016 3:15:33 PM myPackage.LoggerExample recalculate
INFO: fundAmount = 11000.0
Jun 27, 2016 3:15:33 PM LoggerExample recalculate
FINER: RETURN
Jun 27, 2016 3:15:33 PM LoggerExample recalculate
FINER: ENTRY
Jun 27, 2016 3:15:33 PM myPackage.LoggerExample recalculate
INFO: fundAmount = 11000.0
Jun 27, 2016 3:15:33 PM LoggerExample recalculate
FINER: RETURN
Jun 27, 2016 3:15:33 PM LoggerExample recalculate
FINER: ENTRY
Jun 27, 2016 3:15:33 PM myPackage.LoggerExample recalculate
INFO: fundAmount = 11000.0
Jun 27, 2016 3:15:33 PM LoggerExample recalculate
FINER: RETURN
Jun 27, 2016 3:15:33 PM LoggerExample recalculate
FINER: ENTRY
Jun 27, 2016 3:15:33 PM myPackage.LoggerExample recalculate
INFO: fundAmount = 11000.0
Jun 27, 2016 3:15:33 PM LoggerExample recalculate
FINER: RETURN
Jun 27, 2016 3:15:33 PM LoggerExample recalculate
FINER: ENTRY
Jun 27, 2016 3:15:33 PM myPackage.LoggerExample recalculate
INFO: fundAmount = 11000.0
Jun 27, 2016 3:15:33 PM LoggerExample recalculate
FINER: RETURN
Jun 27, 2016 3:15:33 PM LoggerExample recalculate
FINER: ENTRY
Jun 27, 2016 3:15:33 PM myPackage.LoggerExample recalculate
INFO: fundAmount = 11000.0
Jun 27, 2016 3:15:33 PM LoggerExample recalculate
FINER: RETURN
Jun 27, 2016 3:15:33 PM myPackage.LoggerExample main
SEVERE: monthlyPension is too low.
Jun 27, 2016 3:15:33 PM myPackage.LoggerExample main
FINER: finer detailed message
Jun 27, 2016 3:15:33 PM myPackage.LoggerExample main
FINE: fine detailed message
Jun 27, 2016 3:15:33 PM myPackage.LoggerExample main
CONFIG: configuration message
Jun 27, 2016 3:15:33 PM myPackage.LoggerExample main
INFO: informational message
Jun 27, 2016 3:15:33 PM myPackage.LoggerExample main
WARNING: warning message
Jun 27, 2016 3:15:33 PM myPackage.LoggerExample main
SEVERE: severe message
