Jun 27, 2016 3:15:33 PM myPackage.LoggerExample recalculate
INFO: fundAmount = 11000.0
Jun 27, 2016 3:15:33 PM myPackage.LoggerExample recalculate
INFO: fundAmount = 11000.0
Jun 27, 2016 3:15:33 PM myPackage.LoggerExample recalculate
INFO: fundAmount = 11000.0
Jun 27, 2016 3:15:33 PM myPackage.LoggerExample recalculate
INFO: fundAmount = 11000.0
Jun 27, 2016 3:15:33 PM myPackage.LoggerExample recalculate
INFO: fundAmount = 11000.0
Jun 27, 2016 3:15:33 PM myPackage.LoggerExample recalculate
INFO: fundAmount = 11000.0
Jun 27, 2016 3:15:33 PM myPackage.LoggerExample recalculate
INFO: fundAmount = 11000.0
Jun 27, 2016 3:15:33 PM myPackage.LoggerExample recalculate
INFO: fundAmount = 11000.0
Jun 27, 2016 3:15:33 PM myPackage.LoggerExample recalculate
INFO: fundAmount = 11000.0
Jun 27, 2016 3:15:33 PM myPackage.LoggerExample recalculate
INFO: fundAmount = 11000.0
Jun 27, 2016 3:15:33 PM myPackage.LoggerExample recalculate
INFO: fundAmount = 11000.0
Jun 27, 2016 3:15:33 PM myPackage.LoggerExample recalculate
INFO: fundAmount = 11000.0
Jun 27, 2016 3:15:33 PM myPackage.LoggerExample recalculate
INFO: fundAmount = 11000.0
Jun 27, 2016 3:15:33 PM myPackage.LoggerExample recalculate
INFO: fundAmount = 11000.0
Jun 27, 2016 3:15:33 PM myPackage.LoggerExample recalculate
INFO: fundAmount = 11000.0
Jun 27, 2016 3:15:33 PM myPackage.LoggerExample recalculate
INFO: fundAmount = 11000.0
Jun 27, 2016 3:15:33 PM myPackage.LoggerExample recalculate
INFO: fundAmount = 11000.0
Jun 27, 2016 3:15:33 PM myPackage.LoggerExample recalculate
INFO: fundAmount = 11000.0
Jun 27, 2016 3:15:33 PM myPackage.LoggerExample recalculate
INFO: fundAmount = 11000.0
Jun 27, 2016 3:15:33 PM myPackage.LoggerExample recalculate
INFO: fundAmount = 11000.0
Jun 27, 2016 3:15:33 PM myPackage.LoggerExample recalculate
INFO: fundAmount = 11000.0
Jun 27, 2016 3:15:33 PM myPackage.LoggerExample recalculate
INFO: fundAmount = 11000.0
Jun 27, 2016 3:15:33 PM myPackage.LoggerExample recalculate
INFO: fundAmount = 11000.0
Jun 27, 2016 3:15:33 PM myPackage.LoggerExample recalculate
INFO: fundAmount = 11000.0
Jun 27, 2016 3:15:33 PM myPackage.LoggerExample recalculate
INFO: fundAmount = 11000.0
Jun 27, 2016 3:15:33 PM myPackage.LoggerExample recalculate
INFO: fundAmount = 11000.0
Jun 27, 2016 3:15:33 PM myPackage.LoggerExample recalculate
INFO: fundAmount = 11000.0
Jun 27, 2016 3:15:33 PM myPackage.LoggerExample recalculate
INFO: fundAmount = 11000.0
Jun 27, 2016 3:15:33 PM myPackage.LoggerExample recalculate
INFO: fundAmount = 11000.0
Jun 27, 2016 3:15:33 PM myPackage.LoggerExample recalculate
INFO: fundAmount = 11000.0
Jun 27, 2016 3:15:33 PM myPackage.LoggerExample recalculate
INFO: fundAmount = 11000.0
Jun 27, 2016 3:15:33 PM myPackage.LoggerExample recalculate
INFO: fundAmount = 11000.0
Jun 27, 2016 3:15:33 PM myPackage.LoggerExample recalculate
INFO: fundAmount = 11000.0
Jun 27, 2016 3:15:33 PM myPackage.LoggerExample recalculate
INFO: fundAmount = 11000.0
Jun 27, 2016 3:15:33 PM myPackage.LoggerExample recalculate
INFO: fundAmount = 11000.0
Jun 27, 2016 3:15:33 PM myPackage.LoggerExample recalculate
INFO: fundAmount = 11000.0
Jun 27, 2016 3:15:33 PM myPackage.LoggerExample main
SEVERE: monthlyPension is too low.
Jun 27, 2016 3:15:33 PM myPackage.LoggerExample main
CONFIG: configuration message
Jun 27, 2016 3:15:33 PM myPackage.LoggerExample main
INFO: informational message
Jun 27, 2016 3:15:33 PM myPackage.LoggerExample main
WARNING: warning message
Jun 27, 2016 3:15:33 PM myPackage.LoggerExample main
SEVERE: severe message
